0 info it worked if it ends with ok
1 verbose cli [ 'C:\\Program Files\\nodejs\\\\node.exe',
1 verbose cli   'C:\\Program Files\\nodejs\\node_modules\\npm\\bin\\npm-cli.js',
1 verbose cli   'publish' ]
2 info using npm@1.4.28
3 info using node@v0.10.32
4 verbose node symlink C:\Program Files\nodejs\\node.exe
5 verbose publish [ '.' ]
6 verbose cache add [ '.', null ]
7 verbose cache add name=undefined spec="." args=[".",null]
8 verbose parsed url { protocol: null,
8 verbose parsed url   slashes: null,
8 verbose parsed url   auth: null,
8 verbose parsed url   host: null,
8 verbose parsed url   port: null,
8 verbose parsed url   hostname: null,
8 verbose parsed url   hash: null,
8 verbose parsed url   search: null,
8 verbose parsed url   query: null,
8 verbose parsed url   pathname: '.',
8 verbose parsed url   path: '.',
8 verbose parsed url   href: '.' }
9 silly lockFile 3a52ce78- .
10 verbose lock . C:\Users\Moshe\AppData\Roaming\npm-cache\3a52ce78-.lock
11 verbose tar pack [ 'C:\\Users\\Moshe\\AppData\\Roaming\\npm-cache\\ng-node-compile\\1.0.0\\package.tgz',
11 verbose tar pack   '.' ]
12 verbose tarball C:\Users\Moshe\AppData\Roaming\npm-cache\ng-node-compile\1.0.0\package.tgz
13 verbose folder .
14 info prepublish ng-node-compile@1.0.0
15 silly lockFile 1f1177db-tar tar://.
16 verbose lock tar://. C:\Users\Moshe\AppData\Roaming\npm-cache\1f1177db-tar.lock
17 silly lockFile d64ff49e-g-node-compile-1-0-0-package-tgz tar://C:\Users\Moshe\AppData\Roaming\npm-cache\ng-node-compile\1.0.0\package.tgz
18 verbose lock tar://C:\Users\Moshe\AppData\Roaming\npm-cache\ng-node-compile\1.0.0\package.tgz C:\Users\Moshe\AppData\Roaming\npm-cache\d64ff49e-g-node-compile-1-0-0-package-tgz.lock
19 silly lockFile 1f1177db-tar tar://.
20 silly lockFile 1f1177db-tar tar://.
21 silly lockFile d64ff49e-g-node-compile-1-0-0-package-tgz tar://C:\Users\Moshe\AppData\Roaming\npm-cache\ng-node-compile\1.0.0\package.tgz
22 silly lockFile d64ff49e-g-node-compile-1-0-0-package-tgz tar://C:\Users\Moshe\AppData\Roaming\npm-cache\ng-node-compile\1.0.0\package.tgz
23 silly lockFile a48ee2dd-he-ng-node-compile-1-0-0-package C:\Users\Moshe\AppData\Roaming\npm-cache\ng-node-compile\1.0.0\package
24 verbose lock C:\Users\Moshe\AppData\Roaming\npm-cache\ng-node-compile\1.0.0\package C:\Users\Moshe\AppData\Roaming\npm-cache\a48ee2dd-he-ng-node-compile-1-0-0-package.lock
25 silly lockFile a48ee2dd-he-ng-node-compile-1-0-0-package C:\Users\Moshe\AppData\Roaming\npm-cache\ng-node-compile\1.0.0\package
26 silly lockFile a48ee2dd-he-ng-node-compile-1-0-0-package C:\Users\Moshe\AppData\Roaming\npm-cache\ng-node-compile\1.0.0\package
27 silly lockFile 3a52ce78- .
28 silly lockFile 3a52ce78- .
29 silly publish { name: 'ng-node-compile',
29 silly publish   version: '1.0.0',
29 silly publish   description: 'Compile angular templates, on Server side!',
29 silly publish   main: 'main.js',
29 silly publish   dependencies: { 'jsdom-nogyp': '^0.8.3' },
29 silly publish   devDependencies: {},
29 silly publish   scripts: { test: 'echo "Error: no test specified" && exit 1' },
29 silly publish   repository:
29 silly publish    { type: 'git',
29 silly publish      url: 'https://github.com/MoLow/ng-node-compile.git' },
29 silly publish   keywords: [ 'angular', 'ng', 'template', 'angular-server', 'ng-node' ],
29 silly publish   author: { name: 'Moshe Atlow' },
29 silly publish   license: 'ISC',
29 silly publish   bugs: { url: 'https://github.com/MoLow/ng-node-compile/issues' },
29 silly publish   homepage: 'https://github.com/MoLow/ng-node-compile',
29 silly publish   readme: '# ng-node-compile\r\n\r\nCompile html templates the angular way, in node js!\r\nthis is a pretty new package, so don\'t hesitate adding issues or pull requests!\r\n\r\n```js\r\nnew ngcompile().$interpolate("hello {{name}}")({ name: \'Jhon doe\' });\r\n```\r\n\r\n## Install\r\n\r\n```bash\r\n$ npm install ng-node-compile\r\n```\r\n\r\n## How to Use?\r\nThe library exposes several angular services, which will let you compile angular templates inside node:\r\n\r\n###ngcompile\r\nthis is the function to create a angular enviorment. just\r\n```js\r\nvar ngEnviorment = new ngcompile([modules],[angularPath]);\r\n```\r\n\r\narguments:\r\n\r\n* modules: optional. list of modules to inject to angular enviorment\r\n\r\n* angularPath: optional. path to angular.js file, in case you want another angular version.\r\n\r\n\r\n###$interpolate:\r\n\r\n```js\r\nvar ngcompile = require(\'ng-node-compile\');\r\nvar ngEnviorment = new ngcompile();\r\nngEnviorment.$interpolate("hello {{name}}")({ name: \'Jhon doe\' });\r\n```\r\n\r\nthis wil return a string "hello Jhon doe"\r\n\r\n###$compile:\r\n\r\n```js\r\nvar ngcompile = require(\'ng-node-compile\');\r\nvar ngEnviorment = new ngcompile();\r\nngEnviorment.$compile("<div ng-repeat=\\"n in [1,2,3,4,5]\\">hello {{name}} {{n}}</div>")({ name: \'Jhon doe\' });\r\n```\r\n\r\nthis wil return the following HTML:\r\n\r\n```html\r\n<div ng-repeat="n in [1,2,3,4,5]" class="ng-binding ng-scope">hello Jhon doe 1</div>\r\n<div ng-repeat="n in [1,2,3,4,5]" class="ng-binding ng-scope">hello Jhon doe 2</div>\r\n<div ng-repeat="n in [1,2,3,4,5]" class="ng-binding ng-scope">hello Jhon doe 3</div>\r\n<div ng-repeat="n in [1,2,3,4,5]" class="ng-binding ng-scope">hello Jhon doe 4</div>\r\n<div ng-repeat="n in [1,2,3,4,5]" class="ng-binding ng-scope">hello Jhon doe 5</div>\r\n```\r\n',
29 silly publish   readmeFilename: 'README.md',
29 silly publish   gitHead: 'efe804bf0586234e73633ef5c2a9e57148e00bc9',
29 silly publish   _id: 'ng-node-compile@1.0.0',
29 silly publish   _shasum: '9101777957d09cf257ad384cb784d069c2492fad',
29 silly publish   _from: '.' }
30 verbose request where is /ng-node-compile
31 verbose request registry https://registry.npmjs.org/
32 verbose request id 5958e7e16da99553
33 verbose url raw /ng-node-compile
34 verbose url resolving [ 'https://registry.npmjs.org/', './ng-node-compile' ]
35 verbose url resolved https://registry.npmjs.org/ng-node-compile
36 verbose request where is https://registry.npmjs.org/ng-node-compile
37 info trying registry request attempt 1 at 22:55:18
38 http PUT https://registry.npmjs.org/ng-node-compile
39 http 403 https://registry.npmjs.org/ng-node-compile
40 verbose headers { 'content-type': 'application/json',
40 verbose headers   'cache-control': 'max-age=60',
40 verbose headers   'content-length': '95',
40 verbose headers   'accept-ranges': 'bytes',
40 verbose headers   date: 'Mon, 15 Jun 2015 19:55:28 GMT',
40 verbose headers   via: '1.1 varnish',
40 verbose headers   connection: 'keep-alive',
40 verbose headers   'x-served-by': 'cache-ams4140-AMS',
40 verbose headers   'x-cache': 'MISS',
40 verbose headers   'x-cache-hits': '0',
40 verbose headers   'x-timer': 'S1434398124.117698,VS0,VE4198' }
41 error publish Failed PUT 403
42 error Error: "You cannot publish over the previously published version 1.0.0." : ng-node-compile
42 error     at RegClient.<anonymous> (C:\Program Files\nodejs\node_modules\npm\node_modules\npm-registry-client\lib\request.js:308:14)
42 error     at Request._callback (C:\Program Files\nodejs\node_modules\npm\node_modules\npm-registry-client\lib\request.js:246:65)
42 error     at Request.self.callback (C:\Program Files\nodejs\node_modules\npm\node_modules\request\request.js:236:22)
42 error     at Request.emit (events.js:98:17)
42 error     at Request.<anonymous> (C:\Program Files\nodejs\node_modules\npm\node_modules\request\request.js:1142:14)
42 error     at Request.emit (events.js:117:20)
42 error     at IncomingMessage.<anonymous> (C:\Program Files\nodejs\node_modules\npm\node_modules\request\request.js:1096:12)
42 error     at IncomingMessage.emit (events.js:117:20)
42 error     at _stream_readable.js:943:16
42 error     at process._tickCallback (node.js:419:13)
43 error If you need help, you may report this *entire* log,
43 error including the npm and node versions, at:
43 error     <http://github.com/npm/npm/issues>
44 error System Windows_NT 6.1.7601
45 error command "C:\\Program Files\\nodejs\\\\node.exe" "C:\\Program Files\\nodejs\\node_modules\\npm\\bin\\npm-cli.js" "publish"
46 error cwd C:\Users\Moshe\Desktop\ng-node-compile
47 error node -v v0.10.32
48 error npm -v 1.4.28
49 verbose exit [ 1, true ]
